Début de la vérification...
[ERROR] Arbitre.java:61: La ligne excède 90 caractères (trouvé 102). [LineLength]
[ERROR] Arbitre.java:67: La ligne excède 90 caractères (trouvé 104). [LineLength]
[ERROR] Arbitre.java:69: La ligne excède 90 caractères (trouvé 103). [LineLength]
[ERROR] Arbitre.java:78: La ligne excède 90 caractères (trouvé 118). [LineLength]
[ERROR] Arbitre.java:87:17: '}' à la colonne 5 devrait être sur la même ligne que la prochaine partie d'une instruction multi-bloc (celui qui contient directement plusieurs blocs : if/else-if/else, do/while ou try/catch/finally). [RightCurly]
[ERROR] Arbitre.java:92: La ligne excède 90 caractères (trouvé 102). [LineLength]
[ERROR] Arbitre.java:98: La ligne excède 90 caractères (trouvé 104). [LineLength]
[ERROR] Arbitre.java:100: La ligne excède 90 caractères (trouvé 103). [LineLength]
[ERROR] Arbitre.java:108: La ligne excède 90 caractères (trouvé 108). [LineLength]
[ERROR] Arbitre.java:123: La ligne excède 90 caractères (trouvé 98). [LineLength]
[ERROR] Arbitre.java:127: La ligne excède 90 caractères (trouvé 104). [LineLength]
[ERROR] Arbitre.java:148: La ligne excède 90 caractères (trouvé 98). [LineLength]
[ERROR] Arbitre.java:153: La ligne excède 90 caractères (trouvé 104). [LineLength]
[ERROR] Arbitre.java:155: La ligne excède 90 caractères (trouvé 103). [LineLength]
[ERROR] Arbitre.java:166: La ligne excède 90 caractères (trouvé 104). [LineLength]
[ERROR] Joueur.java:3:8: Import inutilisé - java.util.Scanner. [UnusedImports]
[ERROR] Joueur.java:19: Line has trailing spaces. [RegexpSingleline]
[ERROR] Joueur.java:28: Line has trailing spaces. [RegexpSingleline]
[ERROR] Joueur.java:39: Line has trailing spaces. [RegexpSingleline]
[ERROR] Joueur.java:48: Line has trailing spaces. [RegexpSingleline]
[ERROR] naif.java:5:14: Le nom 'naif' n'est pas conforme à l'expression '^[A-Z][a-zA-Z0-9]*$'. [TypeName]
[ERROR] Jouer.java:12: Il manque le cas "default" dans le bloc "switch". [MissingSwitchDefault]
[ERROR] Jouer.java:33: La ligne excède 90 caractères (trouvé 98). [LineLength]
[ERROR] Jouer.java:50: La ligne excède 90 caractères (trouvé 95). [LineLength]
[ERROR] Jouer.java:55:39: '13' devrait être défini comme une constante. [MagicNumber]
[ERROR] Jouer.java:95: La ligne excède 90 caractères (trouvé 105). [LineLength]
[ERROR] Jouer.java:97: La ligne excède 90 caractères (trouvé 113). [LineLength]
[ERROR] strategie.java:3:18: Le nom 'strategie' n'est pas conforme à l'expression '^[A-Z][a-zA-Z0-9]*$'. [TypeName]
[ERROR] Expert.java:20: La ligne excède 90 caractères (trouvé 91). [LineLength]
Vérification terminée.
